<?xml version="1.0" encoding="UTF-8"?>
<!-- Generated by org.testng.reporters.JUnitReportReporter -->
<testsuite skipped="1" hostname="Krishnas-MacBook-Pro.local" name="testcases.PlaceOrderTest" tests="2" failures="0" timestamp="19 Oct 2018 01:39:30 GMT" time="27.703" errors="0">
  <testcase name="placeOrderUsingNB" time="0.028" classname="testcases.PlaceOrderTest">
    <skipped/>
  </testcase> <!-- placeOrderUsingNB -->
  <testcase name="placeOrderByCOD" time="27.675" classname="testcases.PlaceOrderTest"/>
</testsuite> <!-- testcases.PlaceOrderTest -->
